[2022-06-24 11:38:07,411] {taskinstance.py:1160} INFO - Dependencies all met for <TaskInstance: my_dag.image_to_file scheduled__2022-06-23T00:00:00+00:00 [queued]>
[2022-06-24 11:38:07,479] {taskinstance.py:1160} INFO - Dependencies all met for <TaskInstance: my_dag.image_to_file scheduled__2022-06-23T00:00:00+00:00 [queued]>
[2022-06-24 11:38:07,480] {taskinstance.py:1357} INFO - 
--------------------------------------------------------------------------------
[2022-06-24 11:38:07,524] {taskinstance.py:1358} INFO - Starting attempt 1 of 2
[2022-06-24 11:38:07,524] {taskinstance.py:1359} INFO - 
--------------------------------------------------------------------------------
[2022-06-24 11:38:07,566] {taskinstance.py:1378} INFO - Executing <Task(BashOperator): image_to_file> on 2022-06-23 00:00:00+00:00
[2022-06-24 11:38:07,572] {standard_task_runner.py:52} INFO - Started process 55935 to run task
[2022-06-24 11:38:07,579] {standard_task_runner.py:79} INFO - Running: ['airflow', 'tasks', 'run', 'my_dag', 'image_to_file', 'scheduled__2022-06-23T00:00:00+00:00', '--job-id', '4', '--raw', '--subdir', 'DAGS_FOLDER/my_dag.py', '--cfg-path', '/var/folders/3m/p21d_7zx7jn2v2546fkq3pqw0000gn/T/tmpbf7amgh5', '--error-file', '/var/folders/3m/p21d_7zx7jn2v2546fkq3pqw0000gn/T/tmp4zvgbq5r']
[2022-06-24 11:38:07,581] {standard_task_runner.py:80} INFO - Job 4: Subtask image_to_file
[2022-06-24 11:38:07,683] {task_command.py:370} INFO - Running <TaskInstance: my_dag.image_to_file scheduled__2022-06-23T00:00:00+00:00 [running]> on host kims-mbp.fritz.box
[2022-06-24 11:38:07,858] {taskinstance.py:1570} INFO - Exporting the following env vars:
AIRFLOW_CTX_DAG_EMAIL=my-email@example.com
AIRFLOW_CTX_DAG_OWNER=airflow
AIRFLOW_CTX_DAG_ID=my_dag
AIRFLOW_CTX_TASK_ID=image_to_file
AIRFLOW_CTX_EXECUTION_DATE=2022-06-23T00:00:00+00:00
AIRFLOW_CTX_TRY_NUMBER=1
AIRFLOW_CTX_DAG_RUN_ID=scheduled__2022-06-23T00:00:00+00:00
[2022-06-24 11:38:07,863] {subprocess.py:62} INFO - Tmp dir root location: 
 /var/folders/3m/p21d_7zx7jn2v2546fkq3pqw0000gn/T
[2022-06-24 11:38:07,872] {subprocess.py:74} INFO - Running command: ['bash', '-c', "python '/Users/Kim/Library/Mobile Documents/com~apple~CloudDocs/UNI/HdM/Semester6/DataScience&MLOps/airflow/dags/image_to_file.py'"]
[2022-06-24 11:38:07,889] {subprocess.py:85} INFO - Output:
[2022-06-24 11:38:08,136] {subprocess.py:96} INFO - Command exited with return code 0
[2022-06-24 11:38:08,273] {taskinstance.py:1396} INFO - Marking task as SUCCESS. dag_id=my_dag, task_id=image_to_file, execution_date=20220623T000000, start_date=20220624T093807, end_date=20220624T093808
[2022-06-24 11:38:08,448] {local_task_job.py:156} INFO - Task exited with return code 0
[2022-06-24 11:38:08,499] {local_task_job.py:273} INFO - 0 downstream tasks scheduled from follow-on schedule check
