[2022-06-24 11:31:44,851] {processor.py:153} INFO - Started process (PID=55638) to work on /opt/anaconda3/envs/mlops/lib/python3.9/site-packages/airflow/example_dags/example_kubernetes_executor.py
[2022-06-24 11:31:44,851] {processor.py:641} INFO - Processing file /opt/anaconda3/envs/mlops/lib/python3.9/site-packages/airflow/example_dags/example_kubernetes_executor.py for tasks to queue
[2022-06-24 11:31:44,852] {logging_mixin.py:115} INFO - [2022-06-24 11:31:44,852] {dagbag.py:507} INFO - Filling up the DagBag from /opt/anaconda3/envs/mlops/lib/python3.9/site-packages/airflow/example_dags/example_kubernetes_executor.py
[2022-06-24 11:31:44,937] {logging_mixin.py:115} INFO - [2022-06-24 11:31:44,936] {example_kubernetes_executor.py:39} WARNING - The example_kubernetes_executor example DAG requires the kubernetes provider. Please install it with: pip install apache-airflow[cncf.kubernetes]
[2022-06-24 11:31:44,937] {processor.py:653} WARNING - No viable dags retrieved from /opt/anaconda3/envs/mlops/lib/python3.9/site-packages/airflow/example_dags/example_kubernetes_executor.py
[2022-06-24 11:31:45,024] {processor.py:161} INFO - Processing /opt/anaconda3/envs/mlops/lib/python3.9/site-packages/airflow/example_dags/example_kubernetes_executor.py took 0.174 seconds
[2022-06-24 11:39:30,400] {processor.py:153} INFO - Started process (PID=56005) to work on /opt/anaconda3/envs/mlops/lib/python3.9/site-packages/airflow/example_dags/example_kubernetes_executor.py
[2022-06-24 11:39:30,401] {processor.py:641} INFO - Processing file /opt/anaconda3/envs/mlops/lib/python3.9/site-packages/airflow/example_dags/example_kubernetes_executor.py for tasks to queue
[2022-06-24 11:39:30,405] {logging_mixin.py:115} INFO - [2022-06-24 11:39:30,405] {dagbag.py:507} INFO - Filling up the DagBag from /opt/anaconda3/envs/mlops/lib/python3.9/site-packages/airflow/example_dags/example_kubernetes_executor.py
[2022-06-24 11:39:30,540] {logging_mixin.py:115} INFO - [2022-06-24 11:39:30,540] {example_kubernetes_executor.py:39} WARNING - The example_kubernetes_executor example DAG requires the kubernetes provider. Please install it with: pip install apache-airflow[cncf.kubernetes]
[2022-06-24 11:39:30,541] {processor.py:653} WARNING - No viable dags retrieved from /opt/anaconda3/envs/mlops/lib/python3.9/site-packages/airflow/example_dags/example_kubernetes_executor.py
[2022-06-24 11:39:30,742] {processor.py:161} INFO - Processing /opt/anaconda3/envs/mlops/lib/python3.9/site-packages/airflow/example_dags/example_kubernetes_executor.py took 0.351 seconds
[2022-06-24 11:42:27,952] {processor.py:153} INFO - Started process (PID=56291) to work on /opt/anaconda3/envs/mlops/lib/python3.9/site-packages/airflow/example_dags/example_kubernetes_executor.py
[2022-06-24 11:42:27,953] {processor.py:641} INFO - Processing file /opt/anaconda3/envs/mlops/lib/python3.9/site-packages/airflow/example_dags/example_kubernetes_executor.py for tasks to queue
[2022-06-24 11:42:27,954] {logging_mixin.py:115} INFO - [2022-06-24 11:42:27,954] {dagbag.py:507} INFO - Filling up the DagBag from /opt/anaconda3/envs/mlops/lib/python3.9/site-packages/airflow/example_dags/example_kubernetes_executor.py
[2022-06-24 11:42:28,007] {logging_mixin.py:115} INFO - [2022-06-24 11:42:28,006] {example_kubernetes_executor.py:39} WARNING - The example_kubernetes_executor example DAG requires the kubernetes provider. Please install it with: pip install apache-airflow[cncf.kubernetes]
[2022-06-24 11:42:28,007] {processor.py:653} WARNING - No viable dags retrieved from /opt/anaconda3/envs/mlops/lib/python3.9/site-packages/airflow/example_dags/example_kubernetes_executor.py
[2022-06-24 11:42:28,089] {processor.py:161} INFO - Processing /opt/anaconda3/envs/mlops/lib/python3.9/site-packages/airflow/example_dags/example_kubernetes_executor.py took 0.139 seconds
[2022-06-24 12:06:06,061] {processor.py:153} INFO - Started process (PID=57510) to work on /opt/anaconda3/envs/mlops/lib/python3.9/site-packages/airflow/example_dags/example_kubernetes_executor.py
[2022-06-24 12:06:06,062] {processor.py:641} INFO - Processing file /opt/anaconda3/envs/mlops/lib/python3.9/site-packages/airflow/example_dags/example_kubernetes_executor.py for tasks to queue
[2022-06-24 12:06:06,062] {logging_mixin.py:115} INFO - [2022-06-24 12:06:06,062] {dagbag.py:507} INFO - Filling up the DagBag from /opt/anaconda3/envs/mlops/lib/python3.9/site-packages/airflow/example_dags/example_kubernetes_executor.py
[2022-06-24 12:06:06,143] {logging_mixin.py:115} INFO - [2022-06-24 12:06:06,143] {example_kubernetes_executor.py:39} WARNING - The example_kubernetes_executor example DAG requires the kubernetes provider. Please install it with: pip install apache-airflow[cncf.kubernetes]
[2022-06-24 12:06:06,145] {processor.py:653} WARNING - No viable dags retrieved from /opt/anaconda3/envs/mlops/lib/python3.9/site-packages/airflow/example_dags/example_kubernetes_executor.py
[2022-06-24 12:06:06,359] {processor.py:161} INFO - Processing /opt/anaconda3/envs/mlops/lib/python3.9/site-packages/airflow/example_dags/example_kubernetes_executor.py took 0.299 seconds
