[2022-06-24 11:29:56,211] {processor.py:153} INFO - Started process (PID=55598) to work on /opt/anaconda3/envs/mlops/lib/python3.9/site-packages/airflow/example_dags/example_xcomargs.py
[2022-06-24 11:29:56,212] {processor.py:641} INFO - Processing file /opt/anaconda3/envs/mlops/lib/python3.9/site-packages/airflow/example_dags/example_xcomargs.py for tasks to queue
[2022-06-24 11:29:56,214] {logging_mixin.py:115} INFO - [2022-06-24 11:29:56,214] {dagbag.py:507} INFO - Filling up the DagBag from /opt/anaconda3/envs/mlops/lib/python3.9/site-packages/airflow/example_dags/example_xcomargs.py
[2022-06-24 11:29:56,427] {processor.py:651} INFO - DAG(s) dict_keys(['example_xcom_args', 'example_xcom_args_with_operators']) retrieved from /opt/anaconda3/envs/mlops/lib/python3.9/site-packages/airflow/example_dags/example_xcomargs.py
[2022-06-24 11:29:59,790] {logging_mixin.py:115} INFO - [2022-06-24 11:29:59,789] {manager.py:508} INFO - Created Permission View: can edit on DAG:example_xcom_args
[2022-06-24 11:29:59,803] {logging_mixin.py:115} INFO - [2022-06-24 11:29:59,803] {manager.py:508} INFO - Created Permission View: can delete on DAG:example_xcom_args
[2022-06-24 11:29:59,813] {logging_mixin.py:115} INFO - [2022-06-24 11:29:59,813] {manager.py:508} INFO - Created Permission View: can read on DAG:example_xcom_args
[2022-06-24 11:29:59,831] {logging_mixin.py:115} INFO - [2022-06-24 11:29:59,831] {manager.py:508} INFO - Created Permission View: can edit on DAG:example_xcom_args_with_operators
[2022-06-24 11:29:59,841] {logging_mixin.py:115} INFO - [2022-06-24 11:29:59,841] {manager.py:508} INFO - Created Permission View: can delete on DAG:example_xcom_args_with_operators
[2022-06-24 11:29:59,851] {logging_mixin.py:115} INFO - [2022-06-24 11:29:59,851] {manager.py:508} INFO - Created Permission View: can read on DAG:example_xcom_args_with_operators
[2022-06-24 11:29:59,852] {logging_mixin.py:115} INFO - [2022-06-24 11:29:59,852] {dag.py:2379} INFO - Sync 2 DAGs
[2022-06-24 11:29:59,861] {logging_mixin.py:115} INFO - [2022-06-24 11:29:59,860] {dag.py:2398} INFO - Creating ORM DAG for example_xcom_args
[2022-06-24 11:29:59,861] {logging_mixin.py:115} INFO - [2022-06-24 11:29:59,861] {dag.py:2398} INFO - Creating ORM DAG for example_xcom_args_with_operators
[2022-06-24 11:29:59,875] {logging_mixin.py:115} INFO - [2022-06-24 11:29:59,875] {dag.py:2923} INFO - Setting next_dagrun for example_xcom_args to None, run_after=None
[2022-06-24 11:29:59,876] {logging_mixin.py:115} INFO - [2022-06-24 11:29:59,876] {dag.py:2923} INFO - Setting next_dagrun for example_xcom_args_with_operators to None, run_after=None
[2022-06-24 11:29:59,898] {processor.py:161} INFO - Processing /opt/anaconda3/envs/mlops/lib/python3.9/site-packages/airflow/example_dags/example_xcomargs.py took 4.025 seconds
[2022-06-24 11:37:47,251] {processor.py:153} INFO - Started process (PID=55920) to work on /opt/anaconda3/envs/mlops/lib/python3.9/site-packages/airflow/example_dags/example_xcomargs.py
[2022-06-24 11:37:47,261] {processor.py:641} INFO - Processing file /opt/anaconda3/envs/mlops/lib/python3.9/site-packages/airflow/example_dags/example_xcomargs.py for tasks to queue
[2022-06-24 11:37:47,262] {logging_mixin.py:115} INFO - [2022-06-24 11:37:47,262] {dagbag.py:507} INFO - Filling up the DagBag from /opt/anaconda3/envs/mlops/lib/python3.9/site-packages/airflow/example_dags/example_xcomargs.py
[2022-06-24 11:37:47,554] {processor.py:651} INFO - DAG(s) dict_keys(['example_xcom_args', 'example_xcom_args_with_operators']) retrieved from /opt/anaconda3/envs/mlops/lib/python3.9/site-packages/airflow/example_dags/example_xcomargs.py
[2022-06-24 11:37:51,019] {logging_mixin.py:115} INFO - [2022-06-24 11:37:51,019] {dag.py:2379} INFO - Sync 2 DAGs
[2022-06-24 11:37:51,141] {logging_mixin.py:115} INFO - [2022-06-24 11:37:51,141] {dag.py:2923} INFO - Setting next_dagrun for example_xcom_args to None, run_after=None
[2022-06-24 11:37:51,142] {logging_mixin.py:115} INFO - [2022-06-24 11:37:51,142] {dag.py:2923} INFO - Setting next_dagrun for example_xcom_args_with_operators to None, run_after=None
[2022-06-24 11:37:51,163] {processor.py:161} INFO - Processing /opt/anaconda3/envs/mlops/lib/python3.9/site-packages/airflow/example_dags/example_xcomargs.py took 3.913 seconds
[2022-06-24 11:41:12,714] {processor.py:153} INFO - Started process (PID=56257) to work on /opt/anaconda3/envs/mlops/lib/python3.9/site-packages/airflow/example_dags/example_xcomargs.py
[2022-06-24 11:41:12,716] {processor.py:641} INFO - Processing file /opt/anaconda3/envs/mlops/lib/python3.9/site-packages/airflow/example_dags/example_xcomargs.py for tasks to queue
[2022-06-24 11:41:12,716] {logging_mixin.py:115} INFO - [2022-06-24 11:41:12,716] {dagbag.py:507} INFO - Filling up the DagBag from /opt/anaconda3/envs/mlops/lib/python3.9/site-packages/airflow/example_dags/example_xcomargs.py
[2022-06-24 11:41:12,785] {processor.py:651} INFO - DAG(s) dict_keys(['example_xcom_args', 'example_xcom_args_with_operators']) retrieved from /opt/anaconda3/envs/mlops/lib/python3.9/site-packages/airflow/example_dags/example_xcomargs.py
[2022-06-24 11:41:16,035] {logging_mixin.py:115} INFO - [2022-06-24 11:41:16,034] {dag.py:2379} INFO - Sync 2 DAGs
[2022-06-24 11:41:16,275] {logging_mixin.py:115} INFO - [2022-06-24 11:41:16,275] {dag.py:2923} INFO - Setting next_dagrun for example_xcom_args to None, run_after=None
[2022-06-24 11:41:16,275] {logging_mixin.py:115} INFO - [2022-06-24 11:41:16,275] {dag.py:2923} INFO - Setting next_dagrun for example_xcom_args_with_operators to None, run_after=None
[2022-06-24 11:41:16,288] {processor.py:161} INFO - Processing /opt/anaconda3/envs/mlops/lib/python3.9/site-packages/airflow/example_dags/example_xcomargs.py took 3.588 seconds
[2022-06-24 11:43:19,380] {processor.py:153} INFO - Started process (PID=56366) to work on /opt/anaconda3/envs/mlops/lib/python3.9/site-packages/airflow/example_dags/example_xcomargs.py
[2022-06-24 11:43:19,381] {processor.py:641} INFO - Processing file /opt/anaconda3/envs/mlops/lib/python3.9/site-packages/airflow/example_dags/example_xcomargs.py for tasks to queue
[2022-06-24 11:43:19,382] {logging_mixin.py:115} INFO - [2022-06-24 11:43:19,382] {dagbag.py:507} INFO - Filling up the DagBag from /opt/anaconda3/envs/mlops/lib/python3.9/site-packages/airflow/example_dags/example_xcomargs.py
[2022-06-24 11:43:19,455] {processor.py:651} INFO - DAG(s) dict_keys(['example_xcom_args', 'example_xcom_args_with_operators']) retrieved from /opt/anaconda3/envs/mlops/lib/python3.9/site-packages/airflow/example_dags/example_xcomargs.py
[2022-06-24 11:43:20,931] {logging_mixin.py:115} INFO - [2022-06-24 11:43:20,931] {dag.py:2379} INFO - Sync 2 DAGs
[2022-06-24 11:43:20,997] {logging_mixin.py:115} INFO - [2022-06-24 11:43:20,996] {dag.py:2923} INFO - Setting next_dagrun for example_xcom_args to None, run_after=None
[2022-06-24 11:43:20,997] {logging_mixin.py:115} INFO - [2022-06-24 11:43:20,997] {dag.py:2923} INFO - Setting next_dagrun for example_xcom_args_with_operators to None, run_after=None
[2022-06-24 11:43:21,010] {processor.py:161} INFO - Processing /opt/anaconda3/envs/mlops/lib/python3.9/site-packages/airflow/example_dags/example_xcomargs.py took 1.632 seconds
[2022-06-24 12:04:22,546] {processor.py:153} INFO - Started process (PID=57466) to work on /opt/anaconda3/envs/mlops/lib/python3.9/site-packages/airflow/example_dags/example_xcomargs.py
[2022-06-24 12:04:22,547] {processor.py:641} INFO - Processing file /opt/anaconda3/envs/mlops/lib/python3.9/site-packages/airflow/example_dags/example_xcomargs.py for tasks to queue
[2022-06-24 12:04:22,548] {logging_mixin.py:115} INFO - [2022-06-24 12:04:22,548] {dagbag.py:507} INFO - Filling up the DagBag from /opt/anaconda3/envs/mlops/lib/python3.9/site-packages/airflow/example_dags/example_xcomargs.py
[2022-06-24 12:04:22,658] {processor.py:651} INFO - DAG(s) dict_keys(['example_xcom_args', 'example_xcom_args_with_operators']) retrieved from /opt/anaconda3/envs/mlops/lib/python3.9/site-packages/airflow/example_dags/example_xcomargs.py
[2022-06-24 12:04:25,391] {logging_mixin.py:115} INFO - [2022-06-24 12:04:25,390] {dag.py:2379} INFO - Sync 2 DAGs
[2022-06-24 12:04:25,478] {logging_mixin.py:115} INFO - [2022-06-24 12:04:25,478] {dag.py:2923} INFO - Setting next_dagrun for example_xcom_args to None, run_after=None
[2022-06-24 12:04:25,479] {logging_mixin.py:115} INFO - [2022-06-24 12:04:25,479] {dag.py:2923} INFO - Setting next_dagrun for example_xcom_args_with_operators to None, run_after=None
[2022-06-24 12:04:25,500] {processor.py:161} INFO - Processing /opt/anaconda3/envs/mlops/lib/python3.9/site-packages/airflow/example_dags/example_xcomargs.py took 2.955 seconds
