[2022-06-24 11:30:43,782] {processor.py:153} INFO - Started process (PID=55616) to work on /opt/anaconda3/envs/mlops/lib/python3.9/site-packages/airflow/example_dags/example_subdag_operator.py
[2022-06-24 11:30:43,782] {processor.py:641} INFO - Processing file /opt/anaconda3/envs/mlops/lib/python3.9/site-packages/airflow/example_dags/example_subdag_operator.py for tasks to queue
[2022-06-24 11:30:43,783] {logging_mixin.py:115} INFO - [2022-06-24 11:30:43,783] {dagbag.py:507} INFO - Filling up the DagBag from /opt/anaconda3/envs/mlops/lib/python3.9/site-packages/airflow/example_dags/example_subdag_operator.py
[2022-06-24 11:30:43,899] {processor.py:651} INFO - DAG(s) dict_keys(['example_subdag_operator.section-1', 'example_subdag_operator.section-2', 'example_subdag_operator']) retrieved from /opt/anaconda3/envs/mlops/lib/python3.9/site-packages/airflow/example_dags/example_subdag_operator.py
[2022-06-24 11:30:46,612] {logging_mixin.py:115} INFO - [2022-06-24 11:30:46,611] {manager.py:508} INFO - Created Permission View: can delete on DAG:example_subdag_operator
[2022-06-24 11:30:46,621] {logging_mixin.py:115} INFO - [2022-06-24 11:30:46,621] {manager.py:508} INFO - Created Permission View: can edit on DAG:example_subdag_operator
[2022-06-24 11:30:46,629] {logging_mixin.py:115} INFO - [2022-06-24 11:30:46,629] {manager.py:508} INFO - Created Permission View: can read on DAG:example_subdag_operator
[2022-06-24 11:30:46,629] {logging_mixin.py:115} INFO - [2022-06-24 11:30:46,629] {dag.py:2379} INFO - Sync 3 DAGs
[2022-06-24 11:30:46,641] {logging_mixin.py:115} INFO - [2022-06-24 11:30:46,641] {dag.py:2398} INFO - Creating ORM DAG for example_subdag_operator.section-1
[2022-06-24 11:30:46,642] {logging_mixin.py:115} INFO - [2022-06-24 11:30:46,642] {dag.py:2398} INFO - Creating ORM DAG for example_subdag_operator
[2022-06-24 11:30:46,642] {logging_mixin.py:115} INFO - [2022-06-24 11:30:46,642] {dag.py:2398} INFO - Creating ORM DAG for example_subdag_operator.section-2
[2022-06-24 11:30:46,652] {logging_mixin.py:115} INFO - [2022-06-24 11:30:46,652] {dag.py:2923} INFO - Setting next_dagrun for example_subdag_operator to 2022-06-22T00:00:00+00:00, run_after=2022-06-22T00:00:00+00:00
[2022-06-24 11:30:46,653] {logging_mixin.py:115} INFO - [2022-06-24 11:30:46,653] {dag.py:2923} INFO - Setting next_dagrun for example_subdag_operator.section-1 to None, run_after=None
[2022-06-24 11:30:46,653] {logging_mixin.py:115} INFO - [2022-06-24 11:30:46,653] {dag.py:2923} INFO - Setting next_dagrun for example_subdag_operator.section-2 to None, run_after=None
[2022-06-24 11:30:46,662] {logging_mixin.py:115} INFO - [2022-06-24 11:30:46,662] {dag.py:2379} INFO - Sync 2 DAGs
[2022-06-24 11:30:46,667] {logging_mixin.py:115} INFO - [2022-06-24 11:30:46,667] {dag.py:2923} INFO - Setting next_dagrun for example_subdag_operator.section-1 to None, run_after=None
[2022-06-24 11:30:46,667] {logging_mixin.py:115} INFO - [2022-06-24 11:30:46,667] {dag.py:2923} INFO - Setting next_dagrun for example_subdag_operator.section-2 to None, run_after=None
[2022-06-24 11:30:46,678] {processor.py:161} INFO - Processing /opt/anaconda3/envs/mlops/lib/python3.9/site-packages/airflow/example_dags/example_subdag_operator.py took 2.897 seconds
[2022-06-24 11:38:37,258] {processor.py:153} INFO - Started process (PID=55955) to work on /opt/anaconda3/envs/mlops/lib/python3.9/site-packages/airflow/example_dags/example_subdag_operator.py
[2022-06-24 11:38:37,260] {processor.py:641} INFO - Processing file /opt/anaconda3/envs/mlops/lib/python3.9/site-packages/airflow/example_dags/example_subdag_operator.py for tasks to queue
[2022-06-24 11:38:37,261] {logging_mixin.py:115} INFO - [2022-06-24 11:38:37,261] {dagbag.py:507} INFO - Filling up the DagBag from /opt/anaconda3/envs/mlops/lib/python3.9/site-packages/airflow/example_dags/example_subdag_operator.py
[2022-06-24 11:38:37,377] {processor.py:651} INFO - DAG(s) dict_keys(['example_subdag_operator.section-1', 'example_subdag_operator.section-2', 'example_subdag_operator']) retrieved from /opt/anaconda3/envs/mlops/lib/python3.9/site-packages/airflow/example_dags/example_subdag_operator.py
[2022-06-24 11:38:37,742] {logging_mixin.py:115} INFO - [2022-06-24 11:38:37,742] {dag.py:2379} INFO - Sync 3 DAGs
[2022-06-24 11:38:37,769] {logging_mixin.py:115} INFO - [2022-06-24 11:38:37,769] {dag.py:2923} INFO - Setting next_dagrun for example_subdag_operator to 2022-06-22T00:00:00+00:00, run_after=2022-06-22T00:00:00+00:00
[2022-06-24 11:38:37,770] {logging_mixin.py:115} INFO - [2022-06-24 11:38:37,770] {dag.py:2923} INFO - Setting next_dagrun for example_subdag_operator.section-1 to None, run_after=None
[2022-06-24 11:38:37,772] {logging_mixin.py:115} INFO - [2022-06-24 11:38:37,770] {dag.py:2923} INFO - Setting next_dagrun for example_subdag_operator.section-2 to None, run_after=None
[2022-06-24 11:38:37,779] {logging_mixin.py:115} INFO - [2022-06-24 11:38:37,779] {dag.py:2379} INFO - Sync 2 DAGs
[2022-06-24 11:38:37,786] {logging_mixin.py:115} INFO - [2022-06-24 11:38:37,786] {dag.py:2923} INFO - Setting next_dagrun for example_subdag_operator.section-1 to None, run_after=None
[2022-06-24 11:38:37,786] {logging_mixin.py:115} INFO - [2022-06-24 11:38:37,786] {dag.py:2923} INFO - Setting next_dagrun for example_subdag_operator.section-2 to None, run_after=None
[2022-06-24 11:38:37,803] {processor.py:161} INFO - Processing /opt/anaconda3/envs/mlops/lib/python3.9/site-packages/airflow/example_dags/example_subdag_operator.py took 0.545 seconds
[2022-06-24 11:41:49,786] {processor.py:153} INFO - Started process (PID=56273) to work on /opt/anaconda3/envs/mlops/lib/python3.9/site-packages/airflow/example_dags/example_subdag_operator.py
[2022-06-24 11:41:49,787] {processor.py:641} INFO - Processing file /opt/anaconda3/envs/mlops/lib/python3.9/site-packages/airflow/example_dags/example_subdag_operator.py for tasks to queue
[2022-06-24 11:41:49,788] {logging_mixin.py:115} INFO - [2022-06-24 11:41:49,787] {dagbag.py:507} INFO - Filling up the DagBag from /opt/anaconda3/envs/mlops/lib/python3.9/site-packages/airflow/example_dags/example_subdag_operator.py
[2022-06-24 11:41:49,942] {processor.py:651} INFO - DAG(s) dict_keys(['example_subdag_operator.section-1', 'example_subdag_operator.section-2', 'example_subdag_operator']) retrieved from /opt/anaconda3/envs/mlops/lib/python3.9/site-packages/airflow/example_dags/example_subdag_operator.py
[2022-06-24 11:41:50,141] {logging_mixin.py:115} INFO - [2022-06-24 11:41:50,141] {dag.py:2379} INFO - Sync 3 DAGs
[2022-06-24 11:41:50,169] {logging_mixin.py:115} INFO - [2022-06-24 11:41:50,169] {dag.py:2923} INFO - Setting next_dagrun for example_subdag_operator to 2022-06-22T00:00:00+00:00, run_after=2022-06-22T00:00:00+00:00
[2022-06-24 11:41:50,169] {logging_mixin.py:115} INFO - [2022-06-24 11:41:50,169] {dag.py:2923} INFO - Setting next_dagrun for example_subdag_operator.section-1 to None, run_after=None
[2022-06-24 11:41:50,170] {logging_mixin.py:115} INFO - [2022-06-24 11:41:50,170] {dag.py:2923} INFO - Setting next_dagrun for example_subdag_operator.section-2 to None, run_after=None
[2022-06-24 11:41:50,182] {logging_mixin.py:115} INFO - [2022-06-24 11:41:50,181] {dag.py:2379} INFO - Sync 2 DAGs
[2022-06-24 11:41:50,189] {logging_mixin.py:115} INFO - [2022-06-24 11:41:50,188] {dag.py:2923} INFO - Setting next_dagrun for example_subdag_operator.section-1 to None, run_after=None
[2022-06-24 11:41:50,190] {logging_mixin.py:115} INFO - [2022-06-24 11:41:50,190] {dag.py:2923} INFO - Setting next_dagrun for example_subdag_operator.section-2 to None, run_after=None
[2022-06-24 11:41:50,206] {processor.py:161} INFO - Processing /opt/anaconda3/envs/mlops/lib/python3.9/site-packages/airflow/example_dags/example_subdag_operator.py took 0.421 seconds
[2022-06-24 11:43:50,936] {processor.py:153} INFO - Started process (PID=56379) to work on /opt/anaconda3/envs/mlops/lib/python3.9/site-packages/airflow/example_dags/example_subdag_operator.py
[2022-06-24 11:43:50,937] {processor.py:641} INFO - Processing file /opt/anaconda3/envs/mlops/lib/python3.9/site-packages/airflow/example_dags/example_subdag_operator.py for tasks to queue
[2022-06-24 11:43:50,938] {logging_mixin.py:115} INFO - [2022-06-24 11:43:50,938] {dagbag.py:507} INFO - Filling up the DagBag from /opt/anaconda3/envs/mlops/lib/python3.9/site-packages/airflow/example_dags/example_subdag_operator.py
[2022-06-24 11:43:51,066] {processor.py:651} INFO - DAG(s) dict_keys(['example_subdag_operator.section-1', 'example_subdag_operator.section-2', 'example_subdag_operator']) retrieved from /opt/anaconda3/envs/mlops/lib/python3.9/site-packages/airflow/example_dags/example_subdag_operator.py
[2022-06-24 11:43:51,269] {logging_mixin.py:115} INFO - [2022-06-24 11:43:51,269] {dag.py:2379} INFO - Sync 3 DAGs
[2022-06-24 11:43:51,294] {logging_mixin.py:115} INFO - [2022-06-24 11:43:51,293] {dag.py:2923} INFO - Setting next_dagrun for example_subdag_operator to 2022-06-22T00:00:00+00:00, run_after=2022-06-22T00:00:00+00:00
[2022-06-24 11:43:51,294] {logging_mixin.py:115} INFO - [2022-06-24 11:43:51,294] {dag.py:2923} INFO - Setting next_dagrun for example_subdag_operator.section-1 to None, run_after=None
[2022-06-24 11:43:51,294] {logging_mixin.py:115} INFO - [2022-06-24 11:43:51,294] {dag.py:2923} INFO - Setting next_dagrun for example_subdag_operator.section-2 to None, run_after=None
[2022-06-24 11:43:51,303] {logging_mixin.py:115} INFO - [2022-06-24 11:43:51,303] {dag.py:2379} INFO - Sync 2 DAGs
[2022-06-24 11:43:51,312] {logging_mixin.py:115} INFO - [2022-06-24 11:43:51,309] {dag.py:2923} INFO - Setting next_dagrun for example_subdag_operator.section-1 to None, run_after=None
[2022-06-24 11:43:51,312] {logging_mixin.py:115} INFO - [2022-06-24 11:43:51,312] {dag.py:2923} INFO - Setting next_dagrun for example_subdag_operator.section-2 to None, run_after=None
[2022-06-24 11:43:51,330] {processor.py:161} INFO - Processing /opt/anaconda3/envs/mlops/lib/python3.9/site-packages/airflow/example_dags/example_subdag_operator.py took 0.395 seconds
[2022-06-24 12:04:56,605] {processor.py:153} INFO - Started process (PID=57481) to work on /opt/anaconda3/envs/mlops/lib/python3.9/site-packages/airflow/example_dags/example_subdag_operator.py
[2022-06-24 12:04:56,606] {processor.py:641} INFO - Processing file /opt/anaconda3/envs/mlops/lib/python3.9/site-packages/airflow/example_dags/example_subdag_operator.py for tasks to queue
[2022-06-24 12:04:56,607] {logging_mixin.py:115} INFO - [2022-06-24 12:04:56,607] {dagbag.py:507} INFO - Filling up the DagBag from /opt/anaconda3/envs/mlops/lib/python3.9/site-packages/airflow/example_dags/example_subdag_operator.py
[2022-06-24 12:04:56,755] {processor.py:651} INFO - DAG(s) dict_keys(['example_subdag_operator.section-1', 'example_subdag_operator.section-2', 'example_subdag_operator']) retrieved from /opt/anaconda3/envs/mlops/lib/python3.9/site-packages/airflow/example_dags/example_subdag_operator.py
[2022-06-24 12:04:56,872] {logging_mixin.py:115} INFO - [2022-06-24 12:04:56,871] {dag.py:2379} INFO - Sync 3 DAGs
[2022-06-24 12:04:56,891] {logging_mixin.py:115} INFO - [2022-06-24 12:04:56,891] {dag.py:2923} INFO - Setting next_dagrun for example_subdag_operator to 2022-06-22T00:00:00+00:00, run_after=2022-06-22T00:00:00+00:00
[2022-06-24 12:04:56,892] {logging_mixin.py:115} INFO - [2022-06-24 12:04:56,891] {dag.py:2923} INFO - Setting next_dagrun for example_subdag_operator.section-1 to None, run_after=None
[2022-06-24 12:04:56,892] {logging_mixin.py:115} INFO - [2022-06-24 12:04:56,892] {dag.py:2923} INFO - Setting next_dagrun for example_subdag_operator.section-2 to None, run_after=None
[2022-06-24 12:04:56,899] {logging_mixin.py:115} INFO - [2022-06-24 12:04:56,898] {dag.py:2379} INFO - Sync 2 DAGs
[2022-06-24 12:04:56,903] {logging_mixin.py:115} INFO - [2022-06-24 12:04:56,903] {dag.py:2923} INFO - Setting next_dagrun for example_subdag_operator.section-1 to None, run_after=None
[2022-06-24 12:04:56,903] {logging_mixin.py:115} INFO - [2022-06-24 12:04:56,903] {dag.py:2923} INFO - Setting next_dagrun for example_subdag_operator.section-2 to None, run_after=None
[2022-06-24 12:04:56,922] {processor.py:161} INFO - Processing /opt/anaconda3/envs/mlops/lib/python3.9/site-packages/airflow/example_dags/example_subdag_operator.py took 0.318 seconds
