[2022-06-24 11:31:31,607] {processor.py:153} INFO - Started process (PID=55634) to work on /opt/anaconda3/envs/mlops/lib/python3.9/site-packages/airflow/example_dags/example_latest_only_with_trigger.py
[2022-06-24 11:31:31,607] {processor.py:641} INFO - Processing file /opt/anaconda3/envs/mlops/lib/python3.9/site-packages/airflow/example_dags/example_latest_only_with_trigger.py for tasks to queue
[2022-06-24 11:31:31,608] {logging_mixin.py:115} INFO - [2022-06-24 11:31:31,608] {dagbag.py:507} INFO - Filling up the DagBag from /opt/anaconda3/envs/mlops/lib/python3.9/site-packages/airflow/example_dags/example_latest_only_with_trigger.py
[2022-06-24 11:31:31,625] {processor.py:651} INFO - DAG(s) dict_keys(['latest_only_with_trigger']) retrieved from /opt/anaconda3/envs/mlops/lib/python3.9/site-packages/airflow/example_dags/example_latest_only_with_trigger.py
[2022-06-24 11:31:35,433] {logging_mixin.py:115} INFO - [2022-06-24 11:31:35,433] {manager.py:508} INFO - Created Permission View: can read on DAG:latest_only_with_trigger
[2022-06-24 11:31:35,460] {logging_mixin.py:115} INFO - [2022-06-24 11:31:35,460] {manager.py:508} INFO - Created Permission View: can edit on DAG:latest_only_with_trigger
[2022-06-24 11:31:35,475] {logging_mixin.py:115} INFO - [2022-06-24 11:31:35,475] {manager.py:508} INFO - Created Permission View: can delete on DAG:latest_only_with_trigger
[2022-06-24 11:31:35,476] {logging_mixin.py:115} INFO - [2022-06-24 11:31:35,476] {dag.py:2379} INFO - Sync 1 DAGs
[2022-06-24 11:31:35,491] {logging_mixin.py:115} INFO - [2022-06-24 11:31:35,491] {dag.py:2398} INFO - Creating ORM DAG for latest_only_with_trigger
[2022-06-24 11:31:35,520] {logging_mixin.py:115} INFO - [2022-06-24 11:31:35,519] {dag.py:2923} INFO - Setting next_dagrun for latest_only_with_trigger to 2022-06-24T05:31:35.519540+00:00, run_after=2022-06-24T09:31:35.519540+00:00
[2022-06-24 11:31:35,551] {processor.py:161} INFO - Processing /opt/anaconda3/envs/mlops/lib/python3.9/site-packages/airflow/example_dags/example_latest_only_with_trigger.py took 3.945 seconds
[2022-06-24 11:39:18,284] {processor.py:153} INFO - Started process (PID=55987) to work on /opt/anaconda3/envs/mlops/lib/python3.9/site-packages/airflow/example_dags/example_latest_only_with_trigger.py
[2022-06-24 11:39:18,285] {processor.py:641} INFO - Processing file /opt/anaconda3/envs/mlops/lib/python3.9/site-packages/airflow/example_dags/example_latest_only_with_trigger.py for tasks to queue
[2022-06-24 11:39:18,286] {logging_mixin.py:115} INFO - [2022-06-24 11:39:18,286] {dagbag.py:507} INFO - Filling up the DagBag from /opt/anaconda3/envs/mlops/lib/python3.9/site-packages/airflow/example_dags/example_latest_only_with_trigger.py
[2022-06-24 11:39:18,316] {processor.py:651} INFO - DAG(s) dict_keys(['latest_only_with_trigger']) retrieved from /opt/anaconda3/envs/mlops/lib/python3.9/site-packages/airflow/example_dags/example_latest_only_with_trigger.py
[2022-06-24 11:39:18,824] {logging_mixin.py:115} INFO - [2022-06-24 11:39:18,824] {dag.py:2379} INFO - Sync 1 DAGs
[2022-06-24 11:39:18,884] {logging_mixin.py:115} INFO - [2022-06-24 11:39:18,883] {dag.py:2923} INFO - Setting next_dagrun for latest_only_with_trigger to 2022-06-24T05:39:18.883758+00:00, run_after=2022-06-24T09:39:18.883758+00:00
[2022-06-24 11:39:18,910] {processor.py:161} INFO - Processing /opt/anaconda3/envs/mlops/lib/python3.9/site-packages/airflow/example_dags/example_latest_only_with_trigger.py took 0.628 seconds
[2022-06-24 11:42:20,204] {processor.py:153} INFO - Started process (PID=56287) to work on /opt/anaconda3/envs/mlops/lib/python3.9/site-packages/airflow/example_dags/example_latest_only_with_trigger.py
[2022-06-24 11:42:20,205] {processor.py:641} INFO - Processing file /opt/anaconda3/envs/mlops/lib/python3.9/site-packages/airflow/example_dags/example_latest_only_with_trigger.py for tasks to queue
[2022-06-24 11:42:20,206] {logging_mixin.py:115} INFO - [2022-06-24 11:42:20,206] {dagbag.py:507} INFO - Filling up the DagBag from /opt/anaconda3/envs/mlops/lib/python3.9/site-packages/airflow/example_dags/example_latest_only_with_trigger.py
[2022-06-24 11:42:20,228] {processor.py:651} INFO - DAG(s) dict_keys(['latest_only_with_trigger']) retrieved from /opt/anaconda3/envs/mlops/lib/python3.9/site-packages/airflow/example_dags/example_latest_only_with_trigger.py
[2022-06-24 11:42:20,334] {logging_mixin.py:115} INFO - [2022-06-24 11:42:20,333] {dag.py:2379} INFO - Sync 1 DAGs
[2022-06-24 11:42:20,382] {logging_mixin.py:115} INFO - [2022-06-24 11:42:20,382] {dag.py:2923} INFO - Setting next_dagrun for latest_only_with_trigger to 2022-06-24T05:42:20.382439+00:00, run_after=2022-06-24T09:42:20.382439+00:00
[2022-06-24 11:42:20,493] {processor.py:161} INFO - Processing /opt/anaconda3/envs/mlops/lib/python3.9/site-packages/airflow/example_dags/example_latest_only_with_trigger.py took 0.290 seconds
[2022-06-24 11:44:35,550] {processor.py:153} INFO - Started process (PID=56401) to work on /opt/anaconda3/envs/mlops/lib/python3.9/site-packages/airflow/example_dags/example_latest_only_with_trigger.py
[2022-06-24 11:44:35,551] {processor.py:641} INFO - Processing file /opt/anaconda3/envs/mlops/lib/python3.9/site-packages/airflow/example_dags/example_latest_only_with_trigger.py for tasks to queue
[2022-06-24 11:44:35,552] {logging_mixin.py:115} INFO - [2022-06-24 11:44:35,552] {dagbag.py:507} INFO - Filling up the DagBag from /opt/anaconda3/envs/mlops/lib/python3.9/site-packages/airflow/example_dags/example_latest_only_with_trigger.py
[2022-06-24 11:44:35,609] {processor.py:651} INFO - DAG(s) dict_keys(['latest_only_with_trigger']) retrieved from /opt/anaconda3/envs/mlops/lib/python3.9/site-packages/airflow/example_dags/example_latest_only_with_trigger.py
[2022-06-24 11:44:35,813] {logging_mixin.py:115} INFO - [2022-06-24 11:44:35,813] {dag.py:2379} INFO - Sync 1 DAGs
[2022-06-24 11:44:35,860] {logging_mixin.py:115} INFO - [2022-06-24 11:44:35,860] {dag.py:2923} INFO - Setting next_dagrun for latest_only_with_trigger to 2022-06-24T05:44:35.860090+00:00, run_after=2022-06-24T09:44:35.860090+00:00
[2022-06-24 11:44:35,896] {processor.py:161} INFO - Processing /opt/anaconda3/envs/mlops/lib/python3.9/site-packages/airflow/example_dags/example_latest_only_with_trigger.py took 0.347 seconds
[2022-06-24 12:05:53,170] {processor.py:153} INFO - Started process (PID=57504) to work on /opt/anaconda3/envs/mlops/lib/python3.9/site-packages/airflow/example_dags/example_latest_only_with_trigger.py
[2022-06-24 12:05:53,171] {processor.py:641} INFO - Processing file /opt/anaconda3/envs/mlops/lib/python3.9/site-packages/airflow/example_dags/example_latest_only_with_trigger.py for tasks to queue
[2022-06-24 12:05:53,172] {logging_mixin.py:115} INFO - [2022-06-24 12:05:53,171] {dagbag.py:507} INFO - Filling up the DagBag from /opt/anaconda3/envs/mlops/lib/python3.9/site-packages/airflow/example_dags/example_latest_only_with_trigger.py
[2022-06-24 12:05:53,196] {processor.py:651} INFO - DAG(s) dict_keys(['latest_only_with_trigger']) retrieved from /opt/anaconda3/envs/mlops/lib/python3.9/site-packages/airflow/example_dags/example_latest_only_with_trigger.py
[2022-06-24 12:05:53,390] {logging_mixin.py:115} INFO - [2022-06-24 12:05:53,390] {dag.py:2379} INFO - Sync 1 DAGs
[2022-06-24 12:05:53,437] {logging_mixin.py:115} INFO - [2022-06-24 12:05:53,437] {dag.py:2923} INFO - Setting next_dagrun for latest_only_with_trigger to 2022-06-24T06:05:53.437482+00:00, run_after=2022-06-24T10:05:53.437482+00:00
[2022-06-24 12:05:53,530] {processor.py:161} INFO - Processing /opt/anaconda3/envs/mlops/lib/python3.9/site-packages/airflow/example_dags/example_latest_only_with_trigger.py took 0.361 seconds
