[2022-06-24 11:29:33,470] {processor.py:153} INFO - Started process (PID=55591) to work on /opt/anaconda3/envs/mlops/lib/python3.9/site-packages/airflow/example_dags/tutorial_taskflow_api_etl.py
[2022-06-24 11:29:33,472] {processor.py:641} INFO - Processing file /opt/anaconda3/envs/mlops/lib/python3.9/site-packages/airflow/example_dags/tutorial_taskflow_api_etl.py for tasks to queue
[2022-06-24 11:29:33,472] {logging_mixin.py:115} INFO - [2022-06-24 11:29:33,472] {dagbag.py:507} INFO - Filling up the DagBag from /opt/anaconda3/envs/mlops/lib/python3.9/site-packages/airflow/example_dags/tutorial_taskflow_api_etl.py
[2022-06-24 11:29:33,571] {processor.py:651} INFO - DAG(s) dict_keys(['tutorial_taskflow_api_etl']) retrieved from /opt/anaconda3/envs/mlops/lib/python3.9/site-packages/airflow/example_dags/tutorial_taskflow_api_etl.py
[2022-06-24 11:29:37,137] {logging_mixin.py:115} INFO - [2022-06-24 11:29:37,137] {manager.py:508} INFO - Created Permission View: can delete on DAG:tutorial_taskflow_api_etl
[2022-06-24 11:29:37,150] {logging_mixin.py:115} INFO - [2022-06-24 11:29:37,150] {manager.py:508} INFO - Created Permission View: can read on DAG:tutorial_taskflow_api_etl
[2022-06-24 11:29:37,163] {logging_mixin.py:115} INFO - [2022-06-24 11:29:37,163] {manager.py:508} INFO - Created Permission View: can edit on DAG:tutorial_taskflow_api_etl
[2022-06-24 11:29:37,163] {logging_mixin.py:115} INFO - [2022-06-24 11:29:37,163] {dag.py:2379} INFO - Sync 1 DAGs
[2022-06-24 11:29:37,177] {logging_mixin.py:115} INFO - [2022-06-24 11:29:37,177] {dag.py:2398} INFO - Creating ORM DAG for tutorial_taskflow_api_etl
[2022-06-24 11:29:37,202] {logging_mixin.py:115} INFO - [2022-06-24 11:29:37,202] {dag.py:2923} INFO - Setting next_dagrun for tutorial_taskflow_api_etl to None, run_after=None
[2022-06-24 11:29:37,226] {processor.py:161} INFO - Processing /opt/anaconda3/envs/mlops/lib/python3.9/site-packages/airflow/example_dags/tutorial_taskflow_api_etl.py took 3.757 seconds
[2022-06-24 11:33:09,735] {processor.py:153} INFO - Started process (PID=55673) to work on /opt/anaconda3/envs/mlops/lib/python3.9/site-packages/airflow/example_dags/tutorial_taskflow_api_etl.py
[2022-06-24 11:33:09,736] {processor.py:641} INFO - Processing file /opt/anaconda3/envs/mlops/lib/python3.9/site-packages/airflow/example_dags/tutorial_taskflow_api_etl.py for tasks to queue
[2022-06-24 11:33:09,737] {logging_mixin.py:115} INFO - [2022-06-24 11:33:09,737] {dagbag.py:507} INFO - Filling up the DagBag from /opt/anaconda3/envs/mlops/lib/python3.9/site-packages/airflow/example_dags/tutorial_taskflow_api_etl.py
[2022-06-24 11:33:09,798] {processor.py:651} INFO - DAG(s) dict_keys(['tutorial_taskflow_api_etl']) retrieved from /opt/anaconda3/envs/mlops/lib/python3.9/site-packages/airflow/example_dags/tutorial_taskflow_api_etl.py
[2022-06-24 11:33:11,949] {logging_mixin.py:115} INFO - [2022-06-24 11:33:11,948] {dag.py:2379} INFO - Sync 1 DAGs
[2022-06-24 11:33:12,075] {logging_mixin.py:115} INFO - [2022-06-24 11:33:12,075] {dag.py:2923} INFO - Setting next_dagrun for tutorial_taskflow_api_etl to None, run_after=None
[2022-06-24 11:33:12,133] {processor.py:161} INFO - Processing /opt/anaconda3/envs/mlops/lib/python3.9/site-packages/airflow/example_dags/tutorial_taskflow_api_etl.py took 2.403 seconds
[2022-06-24 11:37:32,974] {processor.py:153} INFO - Started process (PID=55913) to work on /opt/anaconda3/envs/mlops/lib/python3.9/site-packages/airflow/example_dags/tutorial_taskflow_api_etl.py
[2022-06-24 11:37:32,976] {processor.py:641} INFO - Processing file /opt/anaconda3/envs/mlops/lib/python3.9/site-packages/airflow/example_dags/tutorial_taskflow_api_etl.py for tasks to queue
[2022-06-24 11:37:32,976] {logging_mixin.py:115} INFO - [2022-06-24 11:37:32,976] {dagbag.py:507} INFO - Filling up the DagBag from /opt/anaconda3/envs/mlops/lib/python3.9/site-packages/airflow/example_dags/tutorial_taskflow_api_etl.py
[2022-06-24 11:37:33,050] {processor.py:651} INFO - DAG(s) dict_keys(['tutorial_taskflow_api_etl']) retrieved from /opt/anaconda3/envs/mlops/lib/python3.9/site-packages/airflow/example_dags/tutorial_taskflow_api_etl.py
[2022-06-24 11:37:35,316] {logging_mixin.py:115} INFO - [2022-06-24 11:37:35,314] {dag.py:2379} INFO - Sync 1 DAGs
[2022-06-24 11:37:35,468] {logging_mixin.py:115} INFO - [2022-06-24 11:37:35,468] {dag.py:2923} INFO - Setting next_dagrun for tutorial_taskflow_api_etl to None, run_after=None
[2022-06-24 11:37:35,483] {processor.py:161} INFO - Processing /opt/anaconda3/envs/mlops/lib/python3.9/site-packages/airflow/example_dags/tutorial_taskflow_api_etl.py took 2.508 seconds
[2022-06-24 11:40:56,566] {processor.py:153} INFO - Started process (PID=56246) to work on /opt/anaconda3/envs/mlops/lib/python3.9/site-packages/airflow/example_dags/tutorial_taskflow_api_etl.py
[2022-06-24 11:40:56,568] {processor.py:641} INFO - Processing file /opt/anaconda3/envs/mlops/lib/python3.9/site-packages/airflow/example_dags/tutorial_taskflow_api_etl.py for tasks to queue
[2022-06-24 11:40:56,568] {logging_mixin.py:115} INFO - [2022-06-24 11:40:56,568] {dagbag.py:507} INFO - Filling up the DagBag from /opt/anaconda3/envs/mlops/lib/python3.9/site-packages/airflow/example_dags/tutorial_taskflow_api_etl.py
[2022-06-24 11:40:56,684] {processor.py:651} INFO - DAG(s) dict_keys(['tutorial_taskflow_api_etl']) retrieved from /opt/anaconda3/envs/mlops/lib/python3.9/site-packages/airflow/example_dags/tutorial_taskflow_api_etl.py
[2022-06-24 11:41:00,501] {logging_mixin.py:115} INFO - [2022-06-24 11:41:00,501] {dag.py:2379} INFO - Sync 1 DAGs
[2022-06-24 11:41:00,982] {logging_mixin.py:115} INFO - [2022-06-24 11:41:00,982] {dag.py:2923} INFO - Setting next_dagrun for tutorial_taskflow_api_etl to None, run_after=None
[2022-06-24 11:41:01,027] {processor.py:161} INFO - Processing /opt/anaconda3/envs/mlops/lib/python3.9/site-packages/airflow/example_dags/tutorial_taskflow_api_etl.py took 4.467 seconds
[2022-06-24 11:43:07,653] {processor.py:153} INFO - Started process (PID=56361) to work on /opt/anaconda3/envs/mlops/lib/python3.9/site-packages/airflow/example_dags/tutorial_taskflow_api_etl.py
[2022-06-24 11:43:07,655] {processor.py:641} INFO - Processing file /opt/anaconda3/envs/mlops/lib/python3.9/site-packages/airflow/example_dags/tutorial_taskflow_api_etl.py for tasks to queue
[2022-06-24 11:43:07,655] {logging_mixin.py:115} INFO - [2022-06-24 11:43:07,655] {dagbag.py:507} INFO - Filling up the DagBag from /opt/anaconda3/envs/mlops/lib/python3.9/site-packages/airflow/example_dags/tutorial_taskflow_api_etl.py
[2022-06-24 11:43:07,702] {processor.py:651} INFO - DAG(s) dict_keys(['tutorial_taskflow_api_etl']) retrieved from /opt/anaconda3/envs/mlops/lib/python3.9/site-packages/airflow/example_dags/tutorial_taskflow_api_etl.py
[2022-06-24 11:43:08,794] {logging_mixin.py:115} INFO - [2022-06-24 11:43:08,794] {dag.py:2379} INFO - Sync 1 DAGs
[2022-06-24 11:43:08,875] {logging_mixin.py:115} INFO - [2022-06-24 11:43:08,875] {dag.py:2923} INFO - Setting next_dagrun for tutorial_taskflow_api_etl to None, run_after=None
[2022-06-24 11:43:08,896] {processor.py:161} INFO - Processing /opt/anaconda3/envs/mlops/lib/python3.9/site-packages/airflow/example_dags/tutorial_taskflow_api_etl.py took 1.243 seconds
[2022-06-24 12:04:09,230] {processor.py:153} INFO - Started process (PID=57409) to work on /opt/anaconda3/envs/mlops/lib/python3.9/site-packages/airflow/example_dags/tutorial_taskflow_api_etl.py
[2022-06-24 12:04:09,234] {processor.py:641} INFO - Processing file /opt/anaconda3/envs/mlops/lib/python3.9/site-packages/airflow/example_dags/tutorial_taskflow_api_etl.py for tasks to queue
[2022-06-24 12:04:09,235] {logging_mixin.py:115} INFO - [2022-06-24 12:04:09,235] {dagbag.py:507} INFO - Filling up the DagBag from /opt/anaconda3/envs/mlops/lib/python3.9/site-packages/airflow/example_dags/tutorial_taskflow_api_etl.py
[2022-06-24 12:04:09,292] {processor.py:651} INFO - DAG(s) dict_keys(['tutorial_taskflow_api_etl']) retrieved from /opt/anaconda3/envs/mlops/lib/python3.9/site-packages/airflow/example_dags/tutorial_taskflow_api_etl.py
[2022-06-24 12:04:10,398] {logging_mixin.py:115} INFO - [2022-06-24 12:04:10,398] {dag.py:2379} INFO - Sync 1 DAGs
[2022-06-24 12:04:10,495] {logging_mixin.py:115} INFO - [2022-06-24 12:04:10,495] {dag.py:2923} INFO - Setting next_dagrun for tutorial_taskflow_api_etl to None, run_after=None
[2022-06-24 12:04:10,513] {processor.py:161} INFO - Processing /opt/anaconda3/envs/mlops/lib/python3.9/site-packages/airflow/example_dags/tutorial_taskflow_api_etl.py took 1.284 seconds
