[2022-06-24 11:29:25,162] {processor.py:153} INFO - Started process (PID=55585) to work on /opt/anaconda3/envs/mlops/lib/python3.9/site-packages/airflow/example_dags/tutorial_taskflow_api_etl_virtualenv.py
[2022-06-24 11:29:25,163] {processor.py:641} INFO - Processing file /opt/anaconda3/envs/mlops/lib/python3.9/site-packages/airflow/example_dags/tutorial_taskflow_api_etl_virtualenv.py for tasks to queue
[2022-06-24 11:29:25,163] {logging_mixin.py:115} INFO - [2022-06-24 11:29:25,163] {dagbag.py:507} INFO - Filling up the DagBag from /opt/anaconda3/envs/mlops/lib/python3.9/site-packages/airflow/example_dags/tutorial_taskflow_api_etl_virtualenv.py
[2022-06-24 11:29:25,508] {processor.py:651} INFO - DAG(s) dict_keys(['tutorial_taskflow_api_etl_virtualenv']) retrieved from /opt/anaconda3/envs/mlops/lib/python3.9/site-packages/airflow/example_dags/tutorial_taskflow_api_etl_virtualenv.py
[2022-06-24 11:29:30,206] {logging_mixin.py:115} INFO - [2022-06-24 11:29:30,206] {manager.py:508} INFO - Created Permission View: can edit on DAG:tutorial_taskflow_api_etl_virtualenv
[2022-06-24 11:29:30,215] {logging_mixin.py:115} INFO - [2022-06-24 11:29:30,215] {manager.py:508} INFO - Created Permission View: can delete on DAG:tutorial_taskflow_api_etl_virtualenv
[2022-06-24 11:29:30,222] {logging_mixin.py:115} INFO - [2022-06-24 11:29:30,222] {manager.py:508} INFO - Created Permission View: can read on DAG:tutorial_taskflow_api_etl_virtualenv
[2022-06-24 11:29:30,222] {logging_mixin.py:115} INFO - [2022-06-24 11:29:30,222] {dag.py:2379} INFO - Sync 1 DAGs
[2022-06-24 11:29:30,230] {logging_mixin.py:115} INFO - [2022-06-24 11:29:30,230] {dag.py:2398} INFO - Creating ORM DAG for tutorial_taskflow_api_etl_virtualenv
[2022-06-24 11:29:30,239] {logging_mixin.py:115} INFO - [2022-06-24 11:29:30,239] {dag.py:2923} INFO - Setting next_dagrun for tutorial_taskflow_api_etl_virtualenv to None, run_after=None
[2022-06-24 11:29:30,253] {processor.py:161} INFO - Processing /opt/anaconda3/envs/mlops/lib/python3.9/site-packages/airflow/example_dags/tutorial_taskflow_api_etl_virtualenv.py took 5.092 seconds
[2022-06-24 11:33:04,773] {processor.py:153} INFO - Started process (PID=55670) to work on /opt/anaconda3/envs/mlops/lib/python3.9/site-packages/airflow/example_dags/tutorial_taskflow_api_etl_virtualenv.py
[2022-06-24 11:33:04,779] {processor.py:641} INFO - Processing file /opt/anaconda3/envs/mlops/lib/python3.9/site-packages/airflow/example_dags/tutorial_taskflow_api_etl_virtualenv.py for tasks to queue
[2022-06-24 11:33:04,787] {logging_mixin.py:115} INFO - [2022-06-24 11:33:04,787] {dagbag.py:507} INFO - Filling up the DagBag from /opt/anaconda3/envs/mlops/lib/python3.9/site-packages/airflow/example_dags/tutorial_taskflow_api_etl_virtualenv.py
[2022-06-24 11:33:04,876] {processor.py:651} INFO - DAG(s) dict_keys(['tutorial_taskflow_api_etl_virtualenv']) retrieved from /opt/anaconda3/envs/mlops/lib/python3.9/site-packages/airflow/example_dags/tutorial_taskflow_api_etl_virtualenv.py
[2022-06-24 11:33:06,522] {logging_mixin.py:115} INFO - [2022-06-24 11:33:06,522] {dag.py:2379} INFO - Sync 1 DAGs
[2022-06-24 11:33:06,587] {logging_mixin.py:115} INFO - [2022-06-24 11:33:06,587] {dag.py:2923} INFO - Setting next_dagrun for tutorial_taskflow_api_etl_virtualenv to None, run_after=None
[2022-06-24 11:33:06,600] {processor.py:161} INFO - Processing /opt/anaconda3/envs/mlops/lib/python3.9/site-packages/airflow/example_dags/tutorial_taskflow_api_etl_virtualenv.py took 1.829 seconds
[2022-06-24 11:37:21,859] {processor.py:153} INFO - Started process (PID=55908) to work on /opt/anaconda3/envs/mlops/lib/python3.9/site-packages/airflow/example_dags/tutorial_taskflow_api_etl_virtualenv.py
[2022-06-24 11:37:21,863] {processor.py:641} INFO - Processing file /opt/anaconda3/envs/mlops/lib/python3.9/site-packages/airflow/example_dags/tutorial_taskflow_api_etl_virtualenv.py for tasks to queue
[2022-06-24 11:37:21,863] {logging_mixin.py:115} INFO - [2022-06-24 11:37:21,863] {dagbag.py:507} INFO - Filling up the DagBag from /opt/anaconda3/envs/mlops/lib/python3.9/site-packages/airflow/example_dags/tutorial_taskflow_api_etl_virtualenv.py
[2022-06-24 11:37:22,158] {processor.py:651} INFO - DAG(s) dict_keys(['tutorial_taskflow_api_etl_virtualenv']) retrieved from /opt/anaconda3/envs/mlops/lib/python3.9/site-packages/airflow/example_dags/tutorial_taskflow_api_etl_virtualenv.py
[2022-06-24 11:37:28,815] {logging_mixin.py:115} INFO - [2022-06-24 11:37:28,815] {dag.py:2379} INFO - Sync 1 DAGs
[2022-06-24 11:37:28,973] {logging_mixin.py:115} INFO - [2022-06-24 11:37:28,972] {dag.py:2923} INFO - Setting next_dagrun for tutorial_taskflow_api_etl_virtualenv to None, run_after=None
[2022-06-24 11:37:29,001] {processor.py:161} INFO - Processing /opt/anaconda3/envs/mlops/lib/python3.9/site-packages/airflow/example_dags/tutorial_taskflow_api_etl_virtualenv.py took 7.136 seconds
[2022-06-24 11:40:48,682] {processor.py:153} INFO - Started process (PID=56232) to work on /opt/anaconda3/envs/mlops/lib/python3.9/site-packages/airflow/example_dags/tutorial_taskflow_api_etl_virtualenv.py
[2022-06-24 11:40:48,684] {processor.py:641} INFO - Processing file /opt/anaconda3/envs/mlops/lib/python3.9/site-packages/airflow/example_dags/tutorial_taskflow_api_etl_virtualenv.py for tasks to queue
[2022-06-24 11:40:48,687] {logging_mixin.py:115} INFO - [2022-06-24 11:40:48,686] {dagbag.py:507} INFO - Filling up the DagBag from /opt/anaconda3/envs/mlops/lib/python3.9/site-packages/airflow/example_dags/tutorial_taskflow_api_etl_virtualenv.py
[2022-06-24 11:40:48,925] {processor.py:651} INFO - DAG(s) dict_keys(['tutorial_taskflow_api_etl_virtualenv']) retrieved from /opt/anaconda3/envs/mlops/lib/python3.9/site-packages/airflow/example_dags/tutorial_taskflow_api_etl_virtualenv.py
[2022-06-24 11:40:51,834] {logging_mixin.py:115} INFO - [2022-06-24 11:40:51,834] {dag.py:2379} INFO - Sync 1 DAGs
[2022-06-24 11:40:52,003] {logging_mixin.py:115} INFO - [2022-06-24 11:40:52,003] {dag.py:2923} INFO - Setting next_dagrun for tutorial_taskflow_api_etl_virtualenv to None, run_after=None
[2022-06-24 11:40:52,149] {processor.py:161} INFO - Processing /opt/anaconda3/envs/mlops/lib/python3.9/site-packages/airflow/example_dags/tutorial_taskflow_api_etl_virtualenv.py took 3.468 seconds
[2022-06-24 11:43:01,085] {processor.py:153} INFO - Started process (PID=56358) to work on /opt/anaconda3/envs/mlops/lib/python3.9/site-packages/airflow/example_dags/tutorial_taskflow_api_etl_virtualenv.py
[2022-06-24 11:43:01,086] {processor.py:641} INFO - Processing file /opt/anaconda3/envs/mlops/lib/python3.9/site-packages/airflow/example_dags/tutorial_taskflow_api_etl_virtualenv.py for tasks to queue
[2022-06-24 11:43:01,092] {logging_mixin.py:115} INFO - [2022-06-24 11:43:01,092] {dagbag.py:507} INFO - Filling up the DagBag from /opt/anaconda3/envs/mlops/lib/python3.9/site-packages/airflow/example_dags/tutorial_taskflow_api_etl_virtualenv.py
[2022-06-24 11:43:01,205] {processor.py:651} INFO - DAG(s) dict_keys(['tutorial_taskflow_api_etl_virtualenv']) retrieved from /opt/anaconda3/envs/mlops/lib/python3.9/site-packages/airflow/example_dags/tutorial_taskflow_api_etl_virtualenv.py
[2022-06-24 11:43:04,040] {logging_mixin.py:115} INFO - [2022-06-24 11:43:04,040] {dag.py:2379} INFO - Sync 1 DAGs
[2022-06-24 11:43:04,278] {logging_mixin.py:115} INFO - [2022-06-24 11:43:04,278] {dag.py:2923} INFO - Setting next_dagrun for tutorial_taskflow_api_etl_virtualenv to None, run_after=None
[2022-06-24 11:43:04,302] {processor.py:161} INFO - Processing /opt/anaconda3/envs/mlops/lib/python3.9/site-packages/airflow/example_dags/tutorial_taskflow_api_etl_virtualenv.py took 3.218 seconds
[2022-06-24 12:04:02,352] {processor.py:153} INFO - Started process (PID=57399) to work on /opt/anaconda3/envs/mlops/lib/python3.9/site-packages/airflow/example_dags/tutorial_taskflow_api_etl_virtualenv.py
[2022-06-24 12:04:02,353] {processor.py:641} INFO - Processing file /opt/anaconda3/envs/mlops/lib/python3.9/site-packages/airflow/example_dags/tutorial_taskflow_api_etl_virtualenv.py for tasks to queue
[2022-06-24 12:04:02,354] {logging_mixin.py:115} INFO - [2022-06-24 12:04:02,354] {dagbag.py:507} INFO - Filling up the DagBag from /opt/anaconda3/envs/mlops/lib/python3.9/site-packages/airflow/example_dags/tutorial_taskflow_api_etl_virtualenv.py
[2022-06-24 12:04:02,572] {processor.py:651} INFO - DAG(s) dict_keys(['tutorial_taskflow_api_etl_virtualenv']) retrieved from /opt/anaconda3/envs/mlops/lib/python3.9/site-packages/airflow/example_dags/tutorial_taskflow_api_etl_virtualenv.py
[2022-06-24 12:04:05,870] {logging_mixin.py:115} INFO - [2022-06-24 12:04:05,870] {dag.py:2379} INFO - Sync 1 DAGs
[2022-06-24 12:04:05,975] {logging_mixin.py:115} INFO - [2022-06-24 12:04:05,974] {dag.py:2923} INFO - Setting next_dagrun for tutorial_taskflow_api_etl_virtualenv to None, run_after=None
[2022-06-24 12:04:05,994] {processor.py:161} INFO - Processing /opt/anaconda3/envs/mlops/lib/python3.9/site-packages/airflow/example_dags/tutorial_taskflow_api_etl_virtualenv.py took 3.643 seconds
